<?xml version="1.0" encoding="UTF-8"?>
<!-- Generated by org.testng.reporters.JUnitReportReporter -->
<testsuite hostname="AYSPP6546" name="qaclickacademy.RestAPITest" tests="2" failures="0" timestamp="9 Sep 2019 06:35:31 GMT" time="0.000" errors="0">
  <testcase name="deleteRest" time="0.000" classname="qaclickacademy.RestAPITest"/>
  <testcase name="Postjira" time="0.000" classname="qaclickacademy.RestAPITest"/>
</testsuite> <!-- qaclickacademy.RestAPITest -->
